<?xml version="1.0" encoding="UTF-8"?>
<!-- Generated by org.testng.reporters.JUnitReportReporter -->
<testsuite hostname="DESKTOP-VM5J0J5" failures="0" tests="1" name="driverFactory.DriverScriptpom" time="26.540" errors="0" timestamp="2022-12-28T23:48:01 IST" skipped="0">
  <testcase classname="driverFactory.DriverScriptpom" name="startTest" time="26.540"/>
  <system-out>
    <![CDATA[No of rows are:: 11
Add Emp Success::7465     7465
Add Emp Success::7466     7466
Add Emp Success::7467     7467
Add Emp Success::7468     7468
Add Emp Success::7469     7469
Add Emp Success::7470     7470
Add Emp Success::7471     7471
Add Emp Success::7472     7472
Add Emp Success::7473     7473
Add Emp Success::7474     7474
Add Emp Success::7475     7475]]>
  </system-out>
</testsuite> <!-- driverFactory.DriverScriptpom -->
