<?xml version="1.0" encoding="UTF-8"?>
<!-- Generated by org.testng.reporters.JUnitReportReporter -->
<testsuite hostname="DESKTOP-VM5J0J5" failures="0" tests="1" name="driverFactory.DriverScripts" time="17.962" errors="0" timestamp="2022-12-25T23:41:29 IST" skipped="0">
  <testcase classname="driverFactory.DriverScripts" name="startTest" time="17.962"/>
  <system-out>
    <![CDATA[No of rows in a sheet::  11
Invalid credentials  dashboard http://orangehrm.qedgetech.com/symfony/web/index.php/auth/validateCredentials
Invalid credentials  dashboard http://orangehrm.qedgetech.com/symfony/web/index.php/auth/validateCredentials
Invalid credentials  dashboard http://orangehrm.qedgetech.com/symfony/web/index.php/auth/validateCredentials
Invalid credentials  dashboard http://orangehrm.qedgetech.com/symfony/web/index.php/auth/validateCredentials
Login success::  dashboard  http://orangehrm.qedgetech.com/symfony/web/index.php/dashboard
Invalid credentials  dashboard http://orangehrm.qedgetech.com/symfony/web/index.php/auth/validateCredentials
Login success::  dashboard  http://orangehrm.qedgetech.com/symfony/web/index.php/dashboard
Invalid credentials  dashboard http://orangehrm.qedgetech.com/symfony/web/index.php/auth/validateCredentials
Invalid credentials  dashboard http://orangehrm.qedgetech.com/symfony/web/index.php/auth/validateCredentials
Login success::  dashboard  http://orangehrm.qedgetech.com/symfony/web/index.php/dashboard
Invalid credentials  dashboard http://orangehrm.qedgetech.com/symfony/web/index.php/auth/validateCredentials]]>
  </system-out>
</testsuite> <!-- driverFactory.DriverScripts -->
